2026-03-31 16:05:17,290 - utils.model_loader - INFO - Loading model from: ./best_model_random_forest.pkl
2026-03-31 16:05:18,276 - utils.model_loader - ERROR - ❌ Failed to load model: Model object is None
2026-03-31 16:05:18,277 - __main__ - ERROR - ❌ Failed to load model: Model object is None
2026-03-31 16:05:18,281 - __main__ - INFO - 🚀 Starting FPTPlay Churn Prediction App on port 5000
2026-03-31 16:05:18,281 - __main__ - INFO -    Debug mode: False
2026-03-31 16:05:18,282 - __main__ - INFO -    Model: Not loaded
2026-03-31 16:05:18,459 - werkzeug - INFO - [31m[1mWARNING: This is a development server. Do not use it in a production deployment. Use a production WSGI server instead.[0m
 * Running on all addresses (0.0.0.0)
 * Running on http://127.0.0.1:5000
 * Running on http://192.168.210.116:5000
2026-03-31 16:05:18,461 - werkzeug - INFO - [33mPress CTRL+C to quit[0m
2026-03-31 16:10:53,823 - utils.model_loader - INFO - Loading model from: ./best_model_random_forest.pkl
2026-03-31 16:10:54,362 - utils.model_loader - INFO - ✅ Model validation passed
2026-03-31 16:10:54,363 - utils.model_loader - INFO - ✅ Model loaded successfully: Random Forest
2026-03-31 16:10:54,363 - utils.model_loader - INFO -    Features: 19
2026-03-31 16:10:54,363 - utils.model_loader - INFO -    Test Accuracy: 1.0000
2026-03-31 16:10:54,363 - __main__ - INFO - ✅ Model loaded successfully: Random Forest
2026-03-31 16:10:54,364 - __main__ - INFO -    Features: 19 features
2026-03-31 16:10:54,366 - __main__ - INFO - 🚀 Starting FPTPlay Churn Prediction App on port 5000
2026-03-31 16:10:54,367 - __main__ - INFO -    Debug mode: False
2026-03-31 16:10:54,367 - __main__ - INFO -    Model: Random Forest
2026-03-31 16:10:54,490 - werkzeug - INFO - [31m[1mWARNING: This is a development server. Do not use it in a production deployment. Use a production WSGI server instead.[0m
 * Running on all addresses (0.0.0.0)
 * Running on http://127.0.0.1:5000
 * Running on http://192.168.210.116:5000
2026-03-31 16:10:54,490 - werkzeug - INFO - [33mPress CTRL+C to quit[0m
2026-03-31 16:14:22,399 - utils.model_loader - INFO - Loading model from: ./best_model_random_forest.pkl
2026-03-31 16:14:23,184 - utils.model_loader - INFO - ✅ Model validation passed
2026-03-31 16:14:23,184 - utils.model_loader - INFO - ✅ Model loaded successfully: Random Forest
2026-03-31 16:14:23,185 - utils.model_loader - INFO -    Features: 19
2026-03-31 16:14:23,185 - utils.model_loader - INFO -    Test Accuracy: 1.0000
2026-03-31 16:14:23,186 - app - INFO - ✅ Model loaded successfully: Random Forest
2026-03-31 16:14:23,187 - app - INFO -    Features: 19 features
